2025-12-08 11:53:33,625 WARNING database DDL Query made to DB:
create table `tabEmail Account` (
			name varchar(140) primary key,
			creation datetime(6),
			modified datetime(6),
			modified_by varchar(140),
			owner varchar(140),
			docstatus tinyint not null default '0',
			idx int not null default '0',
			`email_id` varchar(140),
`email_account_name` varchar(140) UNIQUE,
`enable_incoming` tinyint(4) NOT NULL DEFAULT 0,
`enable_outgoing` tinyint(4) NOT NULL DEFAULT 0,
`service` varchar(140),
`domain` varchar(140),
`frappe_mail_site` varchar(140) DEFAULT 'https://frappemail.com',
`auth_method` varchar(140) DEFAULT 'Basic',
`backend_app_flow` tinyint(4) NOT NULL DEFAULT 0,
`password` text,
`awaiting_password` tinyint(4) NOT NULL DEFAULT 0,
`ascii_encode_password` tinyint(4) NOT NULL DEFAULT 0,
`api_key` varchar(140),
`api_secret` text,
`connected_app` varchar(140),
`connected_user` varchar(140),
`login_id_is_different` tinyint(4) NOT NULL DEFAULT 0,
`login_id` varchar(140),
`default_incoming` tinyint(4) NOT NULL DEFAULT 0,
`attachment_limit` int(11) NOT NULL DEFAULT 0,
`last_received_at` datetime(6),
`use_imap` tinyint(4) NOT NULL DEFAULT 0,
`use_ssl` tinyint(4) NOT NULL DEFAULT 0,
`validate_ssl_certificate` tinyint(4) NOT NULL DEFAULT 1,
`use_starttls` tinyint(4) NOT NULL DEFAULT 0,
`email_server` varchar(140),
`incoming_port` varchar(140),
`email_sync_option` varchar(140) DEFAULT 'UNSEEN',
`initial_sync_count` varchar(140) DEFAULT '250',
`append_emails_to_sent_folder` tinyint(4) NOT NULL DEFAULT 0,
`sent_folder_name` varchar(140),
`append_to` varchar(140),
`create_contact` tinyint(4) NOT NULL DEFAULT 1,
`enable_automatic_linking` tinyint(4) NOT NULL DEFAULT 0,
`notify_if_unreplied` tinyint(4) NOT NULL DEFAULT 0,
`unreplied_for_mins` int(11) NOT NULL DEFAULT 30,
`send_notification_to` text,
`default_outgoing` tinyint(4) NOT NULL DEFAULT 0,
`always_use_account_email_id_as_sender` tinyint(4) NOT NULL DEFAULT 0,
`always_use_account_name_as_sender_name` tinyint(4) NOT NULL DEFAULT 0,
`send_unsubscribe_message` tinyint(4) NOT NULL DEFAULT 1,
`track_email_status` tinyint(4) NOT NULL DEFAULT 1,
`use_tls` tinyint(4) NOT NULL DEFAULT 0,
`use_ssl_for_outgoing` tinyint(4) NOT NULL DEFAULT 0,
`smtp_server` varchar(140),
`smtp_port` varchar(140),
`no_smtp_authentication` tinyint(4) NOT NULL DEFAULT 0,
`always_bcc` varchar(140),
`add_signature` tinyint(4) NOT NULL DEFAULT 0,
`signature` longtext,
`enable_auto_reply` tinyint(4) NOT NULL DEFAULT 0,
`auto_reply_message` longtext,
`footer` longtext,
`brand_logo` text,
`uidvalidity` varchar(140),
`uidnext` int(11) NOT NULL DEFAULT 0,
`no_failed` int(11) NOT NULL DEFAULT 0,
`_user_tags` text,
`_comments` text,
`_assign` text,
`_liked_by` text,
index creation(creation))
			ENGINE=InnoDB
			ROW_FORMAT=DYNAMIC
			CHARACTER SET=utf8mb4
			COLLATE=utf8mb4_unicode_ci
2025-12-08 11:53:33,658 WARNING database DDL Query made to DB:
alter table `tabEmail Account`
					add unique `unique_email_account_type`(email_id, enable_incoming, enable_outgoing)
2025-12-08 11:53:33,736 WARNING database DDL Query made to DB:
create table `tabAuto Email Report` (
			name varchar(140) primary key,
			creation datetime(6),
			modified datetime(6),
			modified_by varchar(140),
			owner varchar(140),
			docstatus tinyint not null default '0',
			idx int not null default '0',
			`report` varchar(140),
`user` varchar(140) DEFAULT 'User',
`enabled` tinyint(4) NOT NULL DEFAULT 1,
`report_type` varchar(140),
`reference_report` varchar(140),
`send_if_data` tinyint(4) NOT NULL DEFAULT 1,
`data_modified_till` int(11) NOT NULL DEFAULT 0,
`no_of_rows` int(11) NOT NULL DEFAULT 100,
`filters` text,
`filter_meta` text,
`from_date_field` varchar(140),
`to_date_field` varchar(140),
`dynamic_date_period` varchar(140),
`use_first_day_of_period` tinyint(4) NOT NULL DEFAULT 0,
`email_to` text,
`day_of_week` varchar(140) DEFAULT 'Monday',
`sender` varchar(140),
`frequency` varchar(140),
`format` varchar(140),
`description` longtext,
`_user_tags` text,
`_comments` text,
`_assign` text,
`_liked_by` text,
index creation(creation))
			ENGINE=InnoDB
			ROW_FORMAT=DYNAMIC
			CHARACTER SET=utf8mb4
			COLLATE=utf8mb4_unicode_ci
2025-12-08 11:53:33,784 WARNING database DDL Query made to DB:
create table `tabDocument Follow` (
			name varchar(140) primary key,
			creation datetime(6),
			modified datetime(6),
			modified_by varchar(140),
			owner varchar(140),
			docstatus tinyint not null default '0',
			idx int not null default '0',
			`ref_doctype` varchar(140),
`ref_docname` varchar(140),
`user` varchar(140),
`_user_tags` text,
`_comments` text,
`_assign` text,
`_liked_by` text,
index `ref_doctype`(`ref_doctype`),
index `ref_docname`(`ref_docname`),
index `user`(`user`),
index creation(creation))
			ENGINE=InnoDB
			ROW_FORMAT=DYNAMIC
			CHARACTER SET=utf8mb4
			COLLATE=utf8mb4_unicode_ci
2025-12-08 11:53:33,823 WARNING database DDL Query made to DB:
create table `tabEmail Template` (
			name varchar(140) primary key,
			creation datetime(6),
			modified datetime(6),
			modified_by varchar(140),
			owner varchar(140),
			docstatus tinyint not null default '0',
			idx int not null default '0',
			`subject` varchar(140),
`use_html` tinyint(4) NOT NULL DEFAULT 0,
`response_html` longtext,
`response` longtext,
`_user_tags` text,
`_comments` text,
`_assign` text,
`_liked_by` text,
index creation(creation))
			ENGINE=InnoDB
			ROW_FORMAT=DYNAMIC
			CHARACTER SET=utf8mb4
			COLLATE=utf8mb4_unicode_ci
2025-12-08 11:53:33,876 WARNING database DDL Query made to DB:
create table `tabEmail Group` (
			name varchar(140) primary key,
			creation datetime(6),
			modified datetime(6),
			modified_by varchar(140),
			owner varchar(140),
			docstatus tinyint not null default '0',
			idx int not null default '0',
			`title` varchar(140) UNIQUE,
`total_subscribers` int(11) NOT NULL DEFAULT 0,
`confirmation_email_template` varchar(140),
`welcome_email_template` varchar(140),
`welcome_url` varchar(140),
`add_query_parameters` tinyint(4) NOT NULL DEFAULT 0,
`_user_tags` text,
`_comments` text,
`_assign` text,
`_liked_by` text,
index creation(creation))
			ENGINE=InnoDB
			ROW_FORMAT=DYNAMIC
			CHARACTER SET=utf8mb4
			COLLATE=utf8mb4_unicode_ci
2025-12-08 11:53:33,921 WARNING database DDL Query made to DB:
create table `tabEmail Unsubscribe` (
			name varchar(140) primary key,
			creation datetime(6),
			modified datetime(6),
			modified_by varchar(140),
			owner varchar(140),
			docstatus tinyint not null default '0',
			idx int not null default '0',
			`email` varchar(140),
`reference_doctype` varchar(140),
`reference_name` varchar(140),
`global_unsubscribe` tinyint(4) NOT NULL DEFAULT 0,
`_user_tags` text,
`_comments` text,
`_assign` text,
`_liked_by` text,
index `email`(`email`),
index creation(creation))
			ENGINE=InnoDB
			ROW_FORMAT=DYNAMIC
			CHARACTER SET=utf8mb4
			COLLATE=utf8mb4_unicode_ci
2025-12-08 11:53:33,974 WARNING database DDL Query made to DB:
create table `tabEmail Group Member` (
			name varchar(140) primary key,
			creation datetime(6),
			modified datetime(6),
			modified_by varchar(140),
			owner varchar(140),
			docstatus tinyint not null default '0',
			idx int not null default '0',
			`email_group` varchar(140),
`email` varchar(140),
`unsubscribed` tinyint(4) NOT NULL DEFAULT 0,
`_user_tags` text,
`_comments` text,
`_assign` text,
`_liked_by` text,
index `email_group`(`email_group`),
index `unsubscribed`(`unsubscribed`),
index creation(creation))
			ENGINE=InnoDB
			ROW_FORMAT=DYNAMIC
			CHARACTER SET=utf8mb4
			COLLATE=utf8mb4_unicode_ci
2025-12-08 11:53:34,007 WARNING database DDL Query made to DB:
alter table `tabEmail Group Member`
					add unique `unique_email_group_email`(email_group, email)
2025-12-08 11:53:34,053 WARNING database DDL Query made to DB:
create table `tabEmail Domain` (
			name varchar(140) primary key,
			creation datetime(6),
			modified datetime(6),
			modified_by varchar(140),
			owner varchar(140),
			docstatus tinyint not null default '0',
			idx int not null default '0',
			`domain_name` varchar(140) UNIQUE,
`email_server` varchar(140),
`use_imap` tinyint(4) NOT NULL DEFAULT 0,
`use_ssl` tinyint(4) NOT NULL DEFAULT 0,
`validate_ssl_certificate` tinyint(4) NOT NULL DEFAULT 1,
`use_starttls` tinyint(4) NOT NULL DEFAULT 0,
`incoming_port` varchar(140),
`attachment_limit` int(11) NOT NULL DEFAULT 0,
`smtp_server` varchar(140),
`use_tls` tinyint(4) NOT NULL DEFAULT 0,
`use_ssl_for_outgoing` tinyint(4) NOT NULL DEFAULT 0,
`validate_ssl_certificate_for_outgoing` tinyint(4) NOT NULL DEFAULT 1,
`smtp_port` varchar(140),
`append_emails_to_sent_folder` tinyint(4) NOT NULL DEFAULT 0,
`sent_folder_name` varchar(140) DEFAULT 'Sent',
`_user_tags` text,
`_comments` text,
`_assign` text,
`_liked_by` text,
index creation(creation))
			ENGINE=InnoDB
			ROW_FORMAT=DYNAMIC
			CHARACTER SET=utf8mb4
			COLLATE=utf8mb4_unicode_ci
2025-12-08 11:53:34,087 WARNING database DDL Query made to DB:
create table `tabUnhandled Email` (
			name varchar(140) primary key,
			creation datetime(6),
			modified datetime(6),
			modified_by varchar(140),
			owner varchar(140),
			docstatus tinyint not null default '0',
			idx int not null default '0',
			`email_account` varchar(140),
`uid` varchar(140),
`reason` longtext,
`message_id` longtext,
`raw` longtext,
`_user_tags` text,
`_comments` text,
`_assign` text,
`_liked_by` text,
index creation(creation))
			ENGINE=InnoDB
			ROW_FORMAT=DYNAMIC
			CHARACTER SET=utf8mb4
			COLLATE=utf8mb4_unicode_ci
2025-12-08 11:53:34,127 WARNING database DDL Query made to DB:
create table `tabEmail Queue Recipient` (
			name varchar(140) primary key,
			creation datetime(6),
			modified datetime(6),
			modified_by varchar(140),
			owner varchar(140),
			docstatus tinyint not null default '0',
			idx int not null default '0',
			`recipient` varchar(140),
`status` varchar(140) DEFAULT 'Not Sent',
`error` longtext,
index `status`(`status`),
parent varchar(140),
parentfield varchar(140),
parenttype varchar(140),
index parent(parent))
			ENGINE=InnoDB
			ROW_FORMAT=DYNAMIC
			CHARACTER SET=utf8mb4
			COLLATE=utf8mb4_unicode_ci
2025-12-08 11:53:34,159 WARNING database DDL Query made to DB:
ALTER TABLE `tabEmail Queue Recipient`
				ADD INDEX IF NOT EXISTS `modified_index`(modified)
2025-12-08 11:53:34,186 WARNING database DDL Query made to DB:
create table `tabIMAP Folder` (
			name varchar(140) primary key,
			creation datetime(6),
			modified datetime(6),
			modified_by varchar(140),
			owner varchar(140),
			docstatus tinyint not null default '0',
			idx int not null default '0',
			`folder_name` varchar(140),
`append_to` varchar(140),
`uidvalidity` varchar(140),
`uidnext` varchar(140),
parent varchar(140),
parentfield varchar(140),
parenttype varchar(140),
index parent(parent))
			ENGINE=InnoDB
			ROW_FORMAT=DYNAMIC
			CHARACTER SET=utf8mb4
			COLLATE=utf8mb4_unicode_ci
2025-12-08 11:53:34,353 WARNING database DDL Query made to DB:
create table `tabDocType Layout Field` (
			name varchar(140) primary key,
			creation datetime(6),
			modified datetime(6),
			modified_by varchar(140),
			owner varchar(140),
			docstatus tinyint not null default '0',
			idx int not null default '0',
			`label` varchar(140),
`fieldname` varchar(140),
parent varchar(140),
parentfield varchar(140),
parenttype varchar(140),
index parent(parent))
			ENGINE=InnoDB
			ROW_FORMAT=DYNAMIC
			CHARACTER SET=utf8mb4
			COLLATE=utf8mb4_unicode_ci
2025-12-08 11:53:34,438 WARNING database DDL Query made to DB:
create table `tabCustomize Form Field` (
			name varchar(140) primary key,
			creation datetime(6),
			modified datetime(6),
			modified_by varchar(140),
			owner varchar(140),
			docstatus tinyint not null default '0',
			idx int not null default '0',
			`is_system_generated` tinyint(4) NOT NULL DEFAULT 0,
`label` varchar(255),
`fieldtype` varchar(140) DEFAULT 'Data',
`fieldname` varchar(140),
`non_negative` tinyint(4) NOT NULL DEFAULT 0,
`reqd` tinyint(4) NOT NULL DEFAULT 0,
`unique` tinyint(4) NOT NULL DEFAULT 0,
`is_virtual` tinyint(4) NOT NULL DEFAULT 0,
`in_list_view` tinyint(4) NOT NULL DEFAULT 0,
`in_standard_filter` tinyint(4) NOT NULL DEFAULT 0,
`in_global_search` tinyint(4) NOT NULL DEFAULT 0,
`in_preview` tinyint(4) NOT NULL DEFAULT 0,
`bold` tinyint(4) NOT NULL DEFAULT 0,
`no_copy` tinyint(4) NOT NULL DEFAULT 0,
`allow_in_quick_entry` tinyint(4) NOT NULL DEFAULT 0,
`translatable` tinyint(4) NOT NULL DEFAULT 1,
`link_filters` json,
`default` text,
`precision` varchar(140),
`length` int(11) NOT NULL DEFAULT 0,
`options` text,
`sort_options` tinyint(4) NOT NULL DEFAULT 0,
`fetch_from` text,
`fetch_if_empty` tinyint(4) NOT NULL DEFAULT 0,
`show_dashboard` tinyint(4) NOT NULL DEFAULT 0,
`depends_on` longtext,
`permlevel` int(11) NOT NULL DEFAULT 0,
`hidden` tinyint(4) NOT NULL DEFAULT 0,
`read_only` tinyint(4) NOT NULL DEFAULT 0,
`collapsible` tinyint(4) NOT NULL DEFAULT 0,
`allow_bulk_edit` tinyint(4) NOT NULL DEFAULT 0,
`collapsible_depends_on` longtext,
`ignore_user_permissions` tinyint(4) NOT NULL DEFAULT 0,
`allow_on_submit` tinyint(4) NOT NULL DEFAULT 0,
`report_hide` tinyint(4) NOT NULL DEFAULT 0,
`remember_last_selected_value` tinyint(4) NOT NULL DEFAULT 0,
`hide_border` tinyint(4) NOT NULL DEFAULT 0,
`ignore_xss_filter` tinyint(4) NOT NULL DEFAULT 0,
`mandatory_depends_on` longtext,
`read_only_depends_on` longtext,
`in_filter` tinyint(4) NOT NULL DEFAULT 0,
`hide_seconds` tinyint(4) NOT NULL DEFAULT 0,
`hide_days` tinyint(4) NOT NULL DEFAULT 0,
`description` text,
`placeholder` varchar(140),
`print_hide` tinyint(4) NOT NULL DEFAULT 0,
`print_hide_if_no_value` tinyint(4) NOT NULL DEFAULT 0,
`print_width` varchar(140),
`columns` int(11) NOT NULL DEFAULT 0,
`width` varchar(140),
`is_custom_field` tinyint(4) NOT NULL DEFAULT 0,
index `label`(`label`),
index `fieldtype`(`fieldtype`),
index `fieldname`(`fieldname`),
parent varchar(140),
parentfield varchar(140),
parenttype varchar(140),
index parent(parent))
			ENGINE=InnoDB
			ROW_FORMAT=DYNAMIC
			CHARACTER SET=utf8mb4
			COLLATE=utf8mb4_unicode_ci
2025-12-08 11:53:34,478 WARNING database DDL Query made to DB:
create table `tabDocType Layout` (
			name varchar(140) primary key,
			creation datetime(6),
			modified datetime(6),
			modified_by varchar(140),
			owner varchar(140),
			docstatus tinyint not null default '0',
			idx int not null default '0',
			`document_type` varchar(140),
`route` varchar(140),
`client_script` longtext,
`_user_tags` text,
`_comments` text,
`_assign` text,
`_liked_by` text,
index creation(creation))
			ENGINE=InnoDB
			ROW_FORMAT=DYNAMIC
			CHARACTER SET=utf8mb4
			COLLATE=utf8mb4_unicode_ci
2025-12-08 11:53:34,575 WARNING database DDL Query made to DB:
create table `tabCurrency` (
			name varchar(140) primary key,
			creation datetime(6),
			modified datetime(6),
			modified_by varchar(140),
			owner varchar(140),
			docstatus tinyint not null default '0',
			idx int not null default '0',
			`currency_name` varchar(140) UNIQUE,
`enabled` tinyint(4) NOT NULL DEFAULT 0,
`fraction` varchar(140),
`fraction_units` int(11) NOT NULL DEFAULT 0,
`smallest_currency_fraction_value` decimal(21,9) NOT NULL DEFAULT 0.0,
`symbol` varchar(140),
`symbol_on_right` tinyint(4) NOT NULL DEFAULT 0,
`number_format` varchar(140),
`_user_tags` text,
`_comments` text,
`_assign` text,
`_liked_by` text,
index creation(creation))
			ENGINE=InnoDB
			ROW_FORMAT=DYNAMIC
			CHARACTER SET=utf8mb4
			COLLATE=utf8mb4_unicode_ci
2025-12-08 11:53:34,700 WARNING database DDL Query made to DB:
create table `tabCountry` (
			name varchar(140) primary key,
			creation datetime(6),
			modified datetime(6),
			modified_by varchar(140),
			owner varchar(140),
			docstatus tinyint not null default '0',
			idx int not null default '0',
			`country_name` varchar(140) UNIQUE,
`code` varchar(64),
`date_format` varchar(140),
`time_format` varchar(140) DEFAULT 'HH:mm:ss',
`time_zones` text,
`_user_tags` text,
`_comments` text,
`_assign` text,
`_liked_by` text,
index creation(creation))
			ENGINE=InnoDB
			ROW_FORMAT=DYNAMIC
			CHARACTER SET=utf8mb4
			COLLATE=utf8mb4_unicode_ci
2025-12-08 11:53:34,839 WARNING database DDL Query made to DB:
create table `tabNote Seen By` (
			name varchar(140) primary key,
			creation datetime(6),
			modified datetime(6),
			modified_by varchar(140),
			owner varchar(140),
			docstatus tinyint not null default '0',
			idx int not null default '0',
			`user` varchar(140),
parent varchar(140),
parentfield varchar(140),
parenttype varchar(140),
index parent(parent))
			ENGINE=InnoDB
			ROW_FORMAT=DYNAMIC
			CHARACTER SET=utf8mb4
			COLLATE=utf8mb4_unicode_ci
2025-12-08 11:53:34,902 WARNING database DDL Query made to DB:
create table `tabList Filter` (
			name varchar(140) primary key,
			creation datetime(6),
			modified datetime(6),
			modified_by varchar(140),
			owner varchar(140),
			docstatus tinyint not null default '0',
			idx int not null default '0',
			`filter_name` varchar(140),
`reference_doctype` varchar(140),
`for_user` varchar(140),
`filters` longtext,
`_user_tags` text,
`_comments` text,
`_assign` text,
`_liked_by` text,
index creation(creation))
			ENGINE=InnoDB
			ROW_FORMAT=DYNAMIC
			CHARACTER SET=utf8mb4
			COLLATE=utf8mb4_unicode_ci
2025-12-08 11:53:34,957 WARNING database DDL Query made to DB:
create table `tabNote` (
			name varchar(140) primary key,
			creation datetime(6),
			modified datetime(6),
			modified_by varchar(140),
			owner varchar(140),
			docstatus tinyint not null default '0',
			idx int not null default '0',
			`title` varchar(140),
`public` tinyint(4) NOT NULL DEFAULT 0,
`notify_on_login` tinyint(4) NOT NULL DEFAULT 0,
`notify_on_every_login` tinyint(4) NOT NULL DEFAULT 0,
`expire_notification_on` datetime(6),
`content` longtext,
`_user_tags` text,
`_comments` text,
`_assign` text,
`_liked_by` text,
index `expire_notification_on`(`expire_notification_on`),
index creation(creation))
			ENGINE=InnoDB
			ROW_FORMAT=DYNAMIC
			CHARACTER SET=utf8mb4
			COLLATE=utf8mb4_unicode_ci
2025-12-08 11:53:35,008 WARNING database DDL Query made to DB:
create table `tabNotification Log` (
			name varchar(140) primary key,
			creation datetime(6),
			modified datetime(6),
			modified_by varchar(140),
			owner varchar(140),
			docstatus tinyint not null default '0',
			idx int not null default '0',
			`subject` text,
`for_user` varchar(140),
`type` varchar(140),
`email_content` longtext,
`document_type` varchar(140),
`read` tinyint(4) NOT NULL DEFAULT 0,
`document_name` varchar(140),
`attached_file` longtext,
`from_user` varchar(140),
`link` text,
`email_header` varchar(140),
`_user_tags` text,
`_comments` text,
`_assign` text,
`_liked_by` text,
`_seen` text,
index `for_user`(`for_user`),
index `document_name`(`document_name`),
index creation(creation))
			ENGINE=InnoDB
			ROW_FORMAT=DYNAMIC
			CHARACTER SET=utf8mb4
			COLLATE=utf8mb4_unicode_ci
2025-12-08 11:53:35,051 WARNING database DDL Query made to DB:
create table `tabSidebar Item Group Link` (
			name varchar(140) primary key,
			creation datetime(6),
			modified datetime(6),
			modified_by varchar(140),
			owner varchar(140),
			docstatus tinyint not null default '0',
			idx int not null default '0',
			`report` varchar(140),
parent varchar(140),
parentfield varchar(140),
parenttype varchar(140),
index parent(parent))
			ENGINE=InnoDB
			ROW_FORMAT=DYNAMIC
			CHARACTER SET=utf8mb4
			COLLATE=utf8mb4_unicode_ci
2025-12-08 11:53:35,086 WARNING database DDL Query made to DB:
create table `tabNotification Subscribed Document` (
			name varchar(140) primary key,
			creation datetime(6),
			modified datetime(6),
			modified_by varchar(140),
			owner varchar(140),
			docstatus tinyint not null default '0',
			idx int not null default '0',
			`document` varchar(140),
parent varchar(140),
parentfield varchar(140),
parenttype varchar(140),
index parent(parent))
			ENGINE=InnoDB
			ROW_FORMAT=DYNAMIC
			CHARACTER SET=utf8mb4
			COLLATE=utf8mb4_unicode_ci
2025-12-08 11:53:35,306 WARNING database DDL Query made to DB:
create table `tabGlobal Search DocType` (
			name varchar(140) primary key,
			creation datetime(6),
			modified datetime(6),
			modified_by varchar(140),
			owner varchar(140),
			docstatus tinyint not null default '0',
			idx int not null default '0',
			`document_type` varchar(140),
parent varchar(140),
parentfield varchar(140),
parenttype varchar(140),
index parent(parent))
			ENGINE=InnoDB
			ROW_FORMAT=DYNAMIC
			CHARACTER SET=utf8mb4
			COLLATE=utf8mb4_unicode_ci
2025-12-08 11:53:35,385 WARNING database DDL Query made to DB:
create table `tabEvent` (
			name varchar(140) primary key,
			creation datetime(6),
			modified datetime(6),
			modified_by varchar(140),
			owner varchar(140),
			docstatus tinyint not null default '0',
			idx int not null default '0',
			`subject` text,
`event_category` varchar(140),
`event_type` varchar(140),
`color` varchar(140),
`send_reminder` tinyint(4) NOT NULL DEFAULT 1,
`repeat_this_event` tinyint(4) NOT NULL DEFAULT 0,
`starts_on` datetime(6),
`ends_on` datetime(6),
`status` varchar(140) DEFAULT 'Open',
`sender` varchar(140),
`all_day` tinyint(4) NOT NULL DEFAULT 0,
`sync_with_google_calendar` tinyint(4) NOT NULL DEFAULT 0,
`add_video_conferencing` tinyint(4) NOT NULL DEFAULT 0,
`google_calendar` varchar(140),
`google_calendar_id` varchar(140),
`google_calendar_event_id` varchar(320),
`google_meet_link` text,
`pulled_from_google_calendar` tinyint(4) NOT NULL DEFAULT 0,
`repeat_on` varchar(140),
`repeat_till` date,
`monday` tinyint(4) NOT NULL DEFAULT 0,
`tuesday` tinyint(4) NOT NULL DEFAULT 0,
`wednesday` tinyint(4) NOT NULL DEFAULT 0,
`thursday` tinyint(4) NOT NULL DEFAULT 0,
`friday` tinyint(4) NOT NULL DEFAULT 0,
`saturday` tinyint(4) NOT NULL DEFAULT 0,
`sunday` tinyint(4) NOT NULL DEFAULT 0,
`description` longtext,
`reference_doctype` varchar(140),
`reference_docname` varchar(140),
`_user_tags` text,
`_comments` text,
`_assign` text,
`_liked_by` text,
`_seen` text,
index `event_type`(`event_type`),
index creation(creation))
			ENGINE=InnoDB
			ROW_FORMAT=DYNAMIC
			CHARACTER SET=utf8mb4
			COLLATE=utf8mb4_unicode_ci
2025-12-08 11:53:35,455 WARNING database DDL Query made to DB:
create table `tabNumber Card Link` (
			name varchar(140) primary key,
			creation datetime(6),
			modified datetime(6),
			modified_by varchar(140),
			owner varchar(140),
			docstatus tinyint not null default '0',
			idx int not null default '0',
			`card` varchar(140),
parent varchar(140),
parentfield varchar(140),
parenttype varchar(140),
index parent(parent))
			ENGINE=InnoDB
			ROW_FORMAT=DYNAMIC
			CHARACTER SET=utf8mb4
			COLLATE=utf8mb4_unicode_ci
2025-12-08 11:53:35,508 WARNING database DDL Query made to DB:
create table `tabNotification Settings` (
			name varchar(140) primary key,
			creation datetime(6),
			modified datetime(6),
			modified_by varchar(140),
			owner varchar(140),
			docstatus tinyint not null default '0',
			idx int not null default '0',
			`enabled` tinyint(4) NOT NULL DEFAULT 1,
`enable_email_notifications` tinyint(4) NOT NULL DEFAULT 1,
`enable_email_mention` tinyint(4) NOT NULL DEFAULT 1,
`enable_email_assignment` tinyint(4) NOT NULL DEFAULT 1,
`enable_email_threads_on_assigned_document` tinyint(4) NOT NULL DEFAULT 1,
`enable_email_share` tinyint(4) NOT NULL DEFAULT 1,
`enable_email_event_reminders` tinyint(4) NOT NULL DEFAULT 1,
`user` varchar(140),
`seen` tinyint(4) NOT NULL DEFAULT 0,
`_user_tags` text,
`_comments` text,
`_assign` text,
`_liked_by` text,
index creation(creation))
			ENGINE=InnoDB
			ROW_FORMAT=DYNAMIC
			CHARACTER SET=utf8mb4
			COLLATE=utf8mb4_unicode_ci
2025-12-08 11:53:35,551 WARNING database DDL Query made to DB:
create table `tabRoute History` (
			name varchar(140) primary key,
			creation datetime(6),
			modified datetime(6),
			modified_by varchar(140),
			owner varchar(140),
			docstatus tinyint not null default '0',
			idx int not null default '0',
			`route` varchar(140),
`user` varchar(140),
`_user_tags` text,
`_comments` text,
`_assign` text,
`_liked_by` text,
index creation(creation))
			ENGINE=InnoDB
			ROW_FORMAT=DYNAMIC
			CHARACTER SET=utf8mb4
			COLLATE=utf8mb4_unicode_ci
2025-12-08 11:53:35,592 WARNING database DDL Query made to DB:
create table `tabTag` (
			name varchar(140) primary key,
			creation datetime(6),
			modified datetime(6),
			modified_by varchar(140),
			owner varchar(140),
			docstatus tinyint not null default '0',
			idx int not null default '0',
			`description` text,
`_user_tags` text,
`_comments` text,
`_assign` text,
`_liked_by` text,
index creation(creation))
			ENGINE=InnoDB
			ROW_FORMAT=DYNAMIC
			CHARACTER SET=utf8mb4
			COLLATE=utf8mb4_unicode_ci
2025-12-08 11:53:35,633 WARNING database DDL Query made to DB:
create table `tabEvent Participants` (
			name varchar(140) primary key,
			creation datetime(6),
			modified datetime(6),
			modified_by varchar(140),
			owner varchar(140),
			docstatus tinyint not null default '0',
			idx int not null default '0',
			`reference_doctype` varchar(140),
`reference_docname` varchar(140),
`email` varchar(140),
parent varchar(140),
parentfield varchar(140),
parenttype varchar(140),
index parent(parent))
			ENGINE=InnoDB
			ROW_FORMAT=DYNAMIC
			CHARACTER SET=utf8mb4
			COLLATE=utf8mb4_unicode_ci
2025-12-08 11:53:35,687 WARNING database DDL Query made to DB:
create table `tabList View Settings` (
			name varchar(140) primary key,
			creation datetime(6),
			modified datetime(6),
			modified_by varchar(140),
			owner varchar(140),
			docstatus tinyint not null default '0',
			idx int not null default '0',
			`disable_count` tinyint(4) NOT NULL DEFAULT 0,
`disable_auto_refresh` tinyint(4) NOT NULL DEFAULT 0,
`disable_sidebar_stats` tinyint(4) NOT NULL DEFAULT 0,
`disable_automatic_recency_filters` tinyint(4) NOT NULL DEFAULT 0,
`disable_comment_count` tinyint(4) NOT NULL DEFAULT 0,
`disable_scrolling` tinyint(4) NOT NULL DEFAULT 0,
`allow_edit` tinyint(4) NOT NULL DEFAULT 0,
`fields` longtext,
`_user_tags` text,
`_comments` text,
`_assign` text,
`_liked_by` text,
index creation(creation))
			ENGINE=InnoDB
			ROW_FORMAT=DYNAMIC
			CHARACTER SET=utf8mb4
			COLLATE=utf8mb4_unicode_ci
2025-12-08 11:53:35,740 WARNING database DDL Query made to DB:
create table `tabSidebar Item Group` (
			name varchar(140) primary key,
			creation datetime(6),
			modified datetime(6),
			modified_by varchar(140),
			owner varchar(140),
			docstatus tinyint not null default '0',
			idx int not null default '0',
			`sidebar` varchar(140) UNIQUE,
`app` varchar(140),
`_user_tags` text,
`_comments` text,
`_assign` text,
`_liked_by` text,
index creation(creation))
			ENGINE=InnoDB
			ROW_FORMAT=DYNAMIC
			CHARACTER SET=utf8mb4
			COLLATE=utf8mb4_unicode_ci
2025-12-08 11:53:35,776 WARNING database DDL Query made to DB:
create table `tabDashboard Chart Field` (
			name varchar(140) primary key,
			creation datetime(6),
			modified datetime(6),
			modified_by varchar(140),
			owner varchar(140),
			docstatus tinyint not null default '0',
			idx int not null default '0',
			`y_field` varchar(140),
`color` varchar(140),
parent varchar(140),
parentfield varchar(140),
parenttype varchar(140),
index parent(parent))
			ENGINE=InnoDB
			ROW_FORMAT=DYNAMIC
			CHARACTER SET=utf8mb4
			COLLATE=utf8mb4_unicode_ci
2025-12-08 11:53:35,830 WARNING database DDL Query made to DB:
create table `tabCustom HTML Block` (
			name varchar(140) primary key,
			creation datetime(6),
			modified datetime(6),
			modified_by varchar(140),
			owner varchar(140),
			docstatus tinyint not null default '0',
			idx int not null default '0',
			`private` tinyint(4) NOT NULL DEFAULT 0,
`html` longtext,
`script` longtext,
`style` longtext,
`_user_tags` text,
`_comments` text,
`_assign` text,
`_liked_by` text,
index creation(creation))
			ENGINE=InnoDB
			ROW_FORMAT=DYNAMIC
			CHARACTER SET=utf8mb4
			COLLATE=utf8mb4_unicode_ci
2025-12-08 11:53:35,893 WARNING database DDL Query made to DB:
create table `tabKanban Board` (
			name varchar(140) primary key,
			creation datetime(6),
			modified datetime(6),
			modified_by varchar(140),
			owner varchar(140),
			docstatus tinyint not null default '0',
			idx int not null default '0',
			`kanban_board_name` varchar(140) UNIQUE,
`reference_doctype` varchar(140),
`field_name` varchar(140),
`private` tinyint(4) NOT NULL DEFAULT 0,
`show_labels` tinyint(4) NOT NULL DEFAULT 0,
`filters` longtext,
`fields` longtext,
`_user_tags` text,
`_comments` text,
`_assign` text,
`_liked_by` text,
index creation(creation))
			ENGINE=InnoDB
			ROW_FORMAT=DYNAMIC
			CHARACTER SET=utf8mb4
			COLLATE=utf8mb4_unicode_ci
2025-12-08 11:53:35,967 WARNING database DDL Query made to DB:
create table `tabKanban Board Column` (
			name varchar(140) primary key,
			creation datetime(6),
			modified datetime(6),
			modified_by varchar(140),
			owner varchar(140),
			docstatus tinyint not null default '0',
			idx int not null default '0',
			`column_name` varchar(140),
`status` varchar(140) DEFAULT 'Active',
`indicator` varchar(140) DEFAULT 'Gray',
`order` longtext,
parent varchar(140),
parentfield varchar(140),
parenttype varchar(140),
index parent(parent))
			ENGINE=InnoDB
			ROW_FORMAT=DYNAMIC
			CHARACTER SET=utf8mb4
			COLLATE=utf8mb4_unicode_ci
2025-12-08 11:53:36,022 WARNING database DDL Query made to DB:
create table `tabTag Link` (
			name varchar(140) primary key,
			creation datetime(6),
			modified datetime(6),
			modified_by varchar(140),
			owner varchar(140),
			docstatus tinyint not null default '0',
			idx int not null default '0',
			`document_type` varchar(140),
`document_name` varchar(140),
`tag` varchar(140),
`title` varchar(140),
`_user_tags` text,
`_comments` text,
`_assign` text,
`_liked_by` text,
index creation(creation))
			ENGINE=InnoDB
			ROW_FORMAT=DYNAMIC
			CHARACTER SET=utf8mb4
			COLLATE=utf8mb4_unicode_ci
2025-12-08 11:53:36,054 WARNING database DDL Query made to DB:
ALTER TABLE `tabTag Link`
				ADD INDEX IF NOT EXISTS `document_type_document_name_index`(document_type, document_name)
2025-12-08 11:53:36,089 WARNING database DDL Query made to DB:
create table `tabToDo` (
			name varchar(140) primary key,
			creation datetime(6),
			modified datetime(6),
			modified_by varchar(140),
			owner varchar(140),
			docstatus tinyint not null default '0',
			idx int not null default '0',
			`status` varchar(140) DEFAULT 'Open',
`priority` varchar(140) DEFAULT 'Medium',
`color` varchar(140),
`date` date,
`allocated_to` varchar(140),
`description` longtext,
`reference_type` varchar(140),
`reference_name` varchar(140),
`role` varchar(140),
`assigned_by` varchar(140),
`assigned_by_full_name` varchar(140),
`sender` varchar(140),
`assignment_rule` varchar(140),
`_user_tags` text,
`_comments` text,
`_assign` text,
`_liked_by` text,
`_seen` text,
index creation(creation))
			ENGINE=InnoDB
			ROW_FORMAT=DYNAMIC
			CHARACTER SET=utf8mb4
			COLLATE=utf8mb4_unicode_ci
2025-12-08 11:53:36,126 WARNING database DDL Query made to DB:
ALTER TABLE `tabToDo`
				ADD INDEX IF NOT EXISTS `reference_type_reference_name_index`(reference_type, reference_name)
2025-12-08 11:53:36,186 WARNING database DDL Query made to DB:
create table `tabCalendar View` (
			name varchar(140) primary key,
			creation datetime(6),
			modified datetime(6),
			modified_by varchar(140),
			owner varchar(140),
			docstatus tinyint not null default '0',
			idx int not null default '0',
			`reference_doctype` varchar(140),
`subject_field` varchar(140),
`start_date_field` varchar(140),
`end_date_field` varchar(140),
`all_day` tinyint(4) NOT NULL DEFAULT 0,
`_user_tags` text,
`_comments` text,
`_assign` text,
`_liked_by` text,
index creation(creation))
			ENGINE=InnoDB
			ROW_FORMAT=DYNAMIC
			CHARACTER SET=utf8mb4
			COLLATE=utf8mb4_unicode_ci
2025-12-08 11:53:36,271 WARNING database DDL Query made to DB:
create table `tabDashboard Chart Link` (
			name varchar(140) primary key,
			creation datetime(6),
			modified datetime(6),
			modified_by varchar(140),
			owner varchar(140),
			docstatus tinyint not null default '0',
			idx int not null default '0',
			`chart` varchar(140),
`width` varchar(140) DEFAULT 'Half',
parent varchar(140),
parentfield varchar(140),
parenttype varchar(140),
index parent(parent))
			ENGINE=InnoDB
			ROW_FORMAT=DYNAMIC
			CHARACTER SET=utf8mb4
			COLLATE=utf8mb4_unicode_ci
2025-12-08 11:53:36,319 WARNING database DDL Query made to DB:
create table `tabChangelog Feed` (
			name varchar(140) primary key,
			creation datetime(6),
			modified datetime(6),
			modified_by varchar(140),
			owner varchar(140),
			docstatus tinyint not null default '0',
			idx int not null default '0',
			`title` varchar(140),
`app_name` varchar(140),
`link` longtext,
`posting_timestamp` datetime(6),
`_user_tags` text,
`_comments` text,
`_assign` text,
`_liked_by` text,
index `posting_timestamp`(`posting_timestamp`),
index creation(creation))
			ENGINE=InnoDB
			ROW_FORMAT=DYNAMIC
			CHARACTER SET=utf8mb4
			COLLATE=utf8mb4_unicode_ci
2025-12-08 11:53:36,362 WARNING database DDL Query made to DB:
create table `tabConsole Log` (
			name varchar(140) primary key,
			creation datetime(6),
			modified datetime(6),
			modified_by varchar(140),
			owner varchar(140),
			docstatus tinyint not null default '0',
			idx int not null default '0',
			`script` longtext,
`type` varchar(140),
`committed` tinyint(4) NOT NULL DEFAULT 0,
`_user_tags` text,
`_comments` text,
`_assign` text,
`_liked_by` text,
index creation(creation))
			ENGINE=InnoDB
			ROW_FORMAT=DYNAMIC
			CHARACTER SET=utf8mb4
			COLLATE=utf8mb4_unicode_ci
2025-12-08 11:53:36,405 WARNING database DDL Query made to DB:
create table `tabDashboard Settings` (
			name varchar(140) primary key,
			creation datetime(6),
			modified datetime(6),
			modified_by varchar(140),
			owner varchar(140),
			docstatus tinyint not null default '0',
			idx int not null default '0',
			`user` varchar(140),
`chart_config` longtext,
`_user_tags` text,
`_comments` text,
`_assign` text,
`_liked_by` text,
index creation(creation))
			ENGINE=InnoDB
			ROW_FORMAT=DYNAMIC
			CHARACTER SET=utf8mb4
			COLLATE=utf8mb4_unicode_ci
2025-12-08 11:53:36,464 WARNING database DDL Query made to DB:
create table `tabDesktop Icon` (
			name varchar(140) primary key,
			creation datetime(6),
			modified datetime(6),
			modified_by varchar(140),
			owner varchar(140),
			docstatus tinyint not null default '0',
			idx int not null default '0',
			`label` varchar(140) UNIQUE,
`standard` tinyint(4) NOT NULL DEFAULT 0,
`icon_type` varchar(140),
`link_type` varchar(140),
`link_to` varchar(140),
`parent_icon` varchar(140),
`sidebar` varchar(140),
`app` varchar(140),
`icon` varchar(140),
`logo_url` varchar(140),
`link` text,
`hidden` tinyint(4) NOT NULL DEFAULT 0,
`_user_tags` text,
`_comments` text,
`_assign` text,
`_liked_by` text,
index creation(creation))
			ENGINE=InnoDB
			ROW_FORMAT=DYNAMIC
			CHARACTER SET=utf8mb4
			COLLATE=utf8mb4_unicode_ci
2025-12-08 11:53:36,642 WARNING database DDL Query made to DB:
create table `tabOAuth Authorization Code` (
			name varchar(140) primary key,
			creation datetime(6),
			modified datetime(6),
			modified_by varchar(140),
			owner varchar(140),
			docstatus tinyint not null default '0',
			idx int not null default '0',
			`client` varchar(140),
`user` varchar(140),
`scopes` text,
`authorization_code` varchar(140) UNIQUE,
`expiration_time` datetime(6),
`redirect_uri_bound_to_authorization_code` varchar(140),
`validity` varchar(140),
`nonce` varchar(140),
`code_challenge` varchar(140),
`code_challenge_method` varchar(140),
`_user_tags` text,
`_comments` text,
`_assign` text,
`_liked_by` text,
index creation(creation))
			ENGINE=InnoDB
			ROW_FORMAT=DYNAMIC
			CHARACTER SET=utf8mb4
			COLLATE=utf8mb4_unicode_ci
2025-12-08 11:53:36,780 WARNING database DDL Query made to DB:
create table `tabToken Cache` (
			name varchar(140) primary key,
			creation datetime(6),
			modified datetime(6),
			modified_by varchar(140),
			owner varchar(140),
			docstatus tinyint not null default '0',
			idx int not null default '0',
			`user` varchar(140),
`connected_app` varchar(140),
`provider_name` varchar(140),
`access_token` text,
`refresh_token` text,
`expires_in` int(11) NOT NULL DEFAULT 0,
`state` varchar(140),
`success_uri` varchar(140),
`token_type` varchar(140),
`_user_tags` text,
`_comments` text,
`_assign` text,
`_liked_by` text,
index creation(creation))
			ENGINE=InnoDB
			ROW_FORMAT=DYNAMIC
			CHARACTER SET=utf8mb4
			COLLATE=utf8mb4_unicode_ci
2025-12-08 11:53:36,814 WARNING database DDL Query made to DB:
create table `tabOAuth Client Role` (
			name varchar(140) primary key,
			creation datetime(6),
			modified datetime(6),
			modified_by varchar(140),
			owner varchar(140),
			docstatus tinyint not null default '0',
			idx int not null default '0',
			`role` varchar(140),
parent varchar(140),
parentfield varchar(140),
parenttype varchar(140),
index parent(parent))
			ENGINE=InnoDB
			ROW_FORMAT=DYNAMIC
			CHARACTER SET=utf8mb4
			COLLATE=utf8mb4_unicode_ci
2025-12-08 11:53:36,907 WARNING database DDL Query made to DB:
create table `tabIntegration Request` (
			name varchar(140) primary key,
			creation datetime(6),
			modified datetime(6),
			modified_by varchar(140),
			owner varchar(140),
			docstatus tinyint not null default '0',
			idx int not null default '0',
			`request_id` varchar(140),
`integration_request_service` varchar(140),
`is_remote_request` tinyint(4) NOT NULL DEFAULT 0,
`request_description` varchar(140),
`status` varchar(140) DEFAULT 'Queued',
`url` text,
`request_headers` longtext,
`data` longtext,
`output` longtext,
`error` longtext,
`reference_doctype` varchar(140),
`reference_docname` varchar(140),
`_user_tags` text,
`_comments` text,
`_assign` text,
`_liked_by` text,
index creation(creation))
			ENGINE=InnoDB
			ROW_FORMAT=DYNAMIC
			CHARACTER SET=utf8mb4
			COLLATE=utf8mb4_unicode_ci
2025-12-08 11:53:36,950 WARNING database DDL Query made to DB:
create table `tabOAuth Scope` (
			name varchar(140) primary key,
			creation datetime(6),
			modified datetime(6),
			modified_by varchar(140),
			owner varchar(140),
			docstatus tinyint not null default '0',
			idx int not null default '0',
			`scope` varchar(140),
parent varchar(140),
parentfield varchar(140),
parenttype varchar(140),
index parent(parent))
			ENGINE=InnoDB
			ROW_FORMAT=DYNAMIC
			CHARACTER SET=utf8mb4
			COLLATE=utf8mb4_unicode_ci
2025-12-08 11:53:37,006 WARNING database DDL Query made to DB:
create table `tabWebhook Request Log` (
			name varchar(140) primary key,
			creation datetime(6),
			modified datetime(6),
			modified_by varchar(140),
			owner varchar(140),
			docstatus tinyint not null default '0',
			idx int not null default '0',
			`webhook` varchar(140),
`reference_doctype` varchar(140),
`reference_document` varchar(140),
`headers` longtext,
`data` longtext,
`user` varchar(140),
`url` text,
`response` longtext,
`error` text,
`_user_tags` text,
`_comments` text,
`_assign` text,
`_liked_by` text,
index `webhook`(`webhook`),
index creation(creation))
			ENGINE=InnoDB
			ROW_FORMAT=COMPRESSED
			CHARACTER SET=utf8mb4
			COLLATE=utf8mb4_unicode_ci
2025-12-08 11:53:37,168 WARNING database DDL Query made to DB:
create table `tabSocial Login Key` (
			name varchar(140) primary key,
			creation datetime(6),
			modified datetime(6),
			modified_by varchar(140),
			owner varchar(140),
			docstatus tinyint not null default '0',
			idx int not null default '0',
			`enable_social_login` tinyint(4) NOT NULL DEFAULT 0,
`social_login_provider` varchar(140) DEFAULT 'Custom',
`client_id` varchar(140),
`provider_name` varchar(140),
`client_secret` text,
`icon` varchar(140),
`base_url` varchar(140),
`sign_ups` varchar(140),
`show_in_resource_metadata` tinyint(4) NOT NULL DEFAULT 1,
`authorize_url` varchar(140),
`access_token_url` varchar(140),
`redirect_url` varchar(140),
`api_endpoint` varchar(140),
`custom_base_url` tinyint(4) NOT NULL DEFAULT 0,
`api_endpoint_args` longtext,
`auth_url_data` longtext,
`user_id_property` varchar(140),
`_user_tags` text,
`_comments` text,
`_assign` text,
`_liked_by` text,
index creation(creation))
			ENGINE=InnoDB
			ROW_FORMAT=DYNAMIC
			CHARACTER SET=utf8mb4
			COLLATE=utf8mb4_unicode_ci
2025-12-08 11:53:37,261 WARNING database DDL Query made to DB:
create table `tabGoogle Contacts` (
			name varchar(140) primary key,
			creation datetime(6),
			modified datetime(6),
			modified_by varchar(140),
			owner varchar(140),
			docstatus tinyint not null default '0',
			idx int not null default '0',
			`enable` tinyint(4) NOT NULL DEFAULT 0,
`email_id` varchar(140),
`last_sync_on` datetime(6),
`authorization_code` text,
`refresh_token` text,
`next_sync_token` text,
`pull_from_google_contacts` tinyint(4) NOT NULL DEFAULT 0,
`push_to_google_contacts` tinyint(4) NOT NULL DEFAULT 0,
`_user_tags` text,
`_comments` text,
`_assign` text,
`_liked_by` text,
index creation(creation))
			ENGINE=InnoDB
			ROW_FORMAT=DYNAMIC
			CHARACTER SET=utf8mb4
			COLLATE=utf8mb4_unicode_ci
2025-12-08 11:53:37,527 WARNING database DDL Query made to DB:
create table `tabWebhook Header` (
			name varchar(140) primary key,
			creation datetime(6),
			modified datetime(6),
			modified_by varchar(140),
			owner varchar(140),
			docstatus tinyint not null default '0',
			idx int not null default '0',
			`key` text,
`value` text,
parent varchar(140),
parentfield varchar(140),
parenttype varchar(140),
index parent(parent))
			ENGINE=InnoDB
			ROW_FORMAT=DYNAMIC
			CHARACTER SET=utf8mb4
			COLLATE=utf8mb4_unicode_ci
2025-12-08 11:53:37,564 WARNING database DDL Query made to DB:
create table `tabQuery Parameters` (
			name varchar(140) primary key,
			creation datetime(6),
			modified datetime(6),
			modified_by varchar(140),
			owner varchar(140),
			docstatus tinyint not null default '0',
			idx int not null default '0',
			`key` varchar(140),
`value` varchar(140),
parent varchar(140),
parentfield varchar(140),
parenttype varchar(140),
index parent(parent))
			ENGINE=InnoDB
			ROW_FORMAT=DYNAMIC
			CHARACTER SET=utf8mb4
			COLLATE=utf8mb4_unicode_ci
2025-12-08 11:53:37,630 WARNING database DDL Query made to DB:
create table `tabConnected App` (
			name varchar(140) primary key,
			creation datetime(6),
			modified datetime(6),
			modified_by varchar(140),
			owner varchar(140),
			docstatus tinyint not null default '0',
			idx int not null default '0',
			`provider_name` varchar(140),
`openid_configuration` varchar(140),
`client_id` varchar(140),
`redirect_uri` varchar(140),
`client_secret` text,
`authorization_uri` text,
`token_uri` varchar(140),
`revocation_uri` varchar(140),
`userinfo_uri` varchar(140),
`introspection_uri` varchar(140),
`_user_tags` text,
`_comments` text,
`_assign` text,
`_liked_by` text,
index creation(creation))
			ENGINE=InnoDB
			ROW_FORMAT=DYNAMIC
			CHARACTER SET=utf8mb4
			COLLATE=utf8mb4_unicode_ci
2025-12-08 11:53:37,702 WARNING database DDL Query made to DB:
create table `tabWebhook` (
			name varchar(140) primary key,
			creation datetime(6),
			modified datetime(6),
			modified_by varchar(140),
			owner varchar(140),
			docstatus tinyint not null default '0',
			idx int not null default '0',
			`webhook_doctype` varchar(140),
`webhook_docevent` varchar(140),
`enabled` tinyint(4) NOT NULL DEFAULT 1,
`condition` text,
`request_url` text,
`is_dynamic_url` tinyint(4) NOT NULL DEFAULT 0,
`timeout` int(11) NOT NULL DEFAULT 5,
`background_jobs_queue` varchar(140),
`request_method` varchar(140) DEFAULT 'POST',
`request_structure` varchar(140),
`enable_security` tinyint(4) NOT NULL DEFAULT 0,
`webhook_secret` text,
`webhook_json` longtext,
`_user_tags` text,
`_comments` text,
`_assign` text,
`_liked_by` text,
index creation(creation))
			ENGINE=InnoDB
			ROW_FORMAT=DYNAMIC
			CHARACTER SET=utf8mb4
			COLLATE=utf8mb4_unicode_ci
2025-12-08 11:53:37,743 WARNING database DDL Query made to DB:
create table `tabWebhook Data` (
			name varchar(140) primary key,
			creation datetime(6),
			modified datetime(6),
			modified_by varchar(140),
			owner varchar(140),
			docstatus tinyint not null default '0',
			idx int not null default '0',
			`fieldname` varchar(140),
`key` varchar(140),
parent varchar(140),
parentfield varchar(140),
parenttype varchar(140),
index parent(parent))
			ENGINE=InnoDB
			ROW_FORMAT=DYNAMIC
			CHARACTER SET=utf8mb4
			COLLATE=utf8mb4_unicode_ci
2025-12-08 11:53:37,795 WARNING database DDL Query made to DB:
create table `tabGoogle Calendar` (
			name varchar(140) primary key,
			creation datetime(6),
			modified datetime(6),
			modified_by varchar(140),
			owner varchar(140),
			docstatus tinyint not null default '0',
			idx int not null default '0',
			`enable` tinyint(4) NOT NULL DEFAULT 1,
`calendar_name` varchar(140) UNIQUE,
`user` varchar(140),
`pull_from_google_calendar` tinyint(4) NOT NULL DEFAULT 1,
`sync_as_public` tinyint(4) NOT NULL DEFAULT 0,
`push_to_google_calendar` tinyint(4) NOT NULL DEFAULT 1,
`google_calendar_id` varchar(140),
`refresh_token` text,
`authorization_code` text,
`next_sync_token` text,
`_user_tags` text,
`_comments` text,
`_assign` text,
`_liked_by` text,
index creation(creation))
			ENGINE=InnoDB
			ROW_FORMAT=DYNAMIC
			CHARACTER SET=utf8mb4
			COLLATE=utf8mb4_unicode_ci
2025-12-08 11:53:37,953 WARNING database DDL Query made to DB:
create table `tabSlack Webhook URL` (
			name varchar(140) primary key,
			creation datetime(6),
			modified datetime(6),
			modified_by varchar(140),
			owner varchar(140),
			docstatus tinyint not null default '0',
			idx int not null default '0',
			`webhook_name` varchar(140) UNIQUE,
`webhook_url` varchar(140),
`show_document_link` tinyint(4) NOT NULL DEFAULT 1,
`_user_tags` text,
`_comments` text,
`_assign` text,
`_liked_by` text,
index creation(creation))
			ENGINE=InnoDB
			ROW_FORMAT=DYNAMIC
			CHARACTER SET=utf8mb4
			COLLATE=utf8mb4_unicode_ci
2025-12-08 11:53:38,003 WARNING database DDL Query made to DB:
create table `tabOAuth Bearer Token` (
			name varchar(140) primary key,
			creation datetime(6),
			modified datetime(6),
			modified_by varchar(140),
			owner varchar(140),
			docstatus tinyint not null default '0',
			idx int not null default '0',
			`client` varchar(140),
`user` varchar(140) NOT NULL DEFAULT '',
`scopes` text,
`access_token` varchar(140) UNIQUE,
`refresh_token` varchar(140),
`expiration_time` datetime(6),
`expires_in` int(11) NOT NULL DEFAULT 0,
`status` varchar(140),
`_user_tags` text,
`_comments` text,
`_assign` text,
`_liked_by` text,
index `user`(`user`),
index `expiration_time`(`expiration_time`),
index creation(creation))
			ENGINE=InnoDB
			ROW_FORMAT=DYNAMIC
			CHARACTER SET=utf8mb4
			COLLATE=utf8mb4_unicode_ci
2025-12-08 11:53:38,069 WARNING database DDL Query made to DB:
create table `tabOAuth Client` (
			name varchar(140) primary key,
			creation datetime(6),
			modified datetime(6),
			modified_by varchar(140),
			owner varchar(140),
			docstatus tinyint not null default '0',
			idx int not null default '0',
			`client_id` varchar(140),
`user` varchar(140),
`client_secret` varchar(140),
`default_redirect_uri` varchar(140),
`skip_authorization` tinyint(4) NOT NULL DEFAULT 0,
`app_name` varchar(140),
`scopes` text DEFAULT 'all openid',
`redirect_uris` text,
`client_uri` varchar(140),
`software_id` varchar(140),
`tos_uri` varchar(140),
`contacts` text,
`logo_uri` varchar(140),
`software_version` varchar(140),
`policy_uri` varchar(140),
`grant_type` varchar(140),
`token_endpoint_auth_method` varchar(140) DEFAULT 'Client Secret Basic',
`response_type` varchar(140) DEFAULT 'Code',
`_user_tags` text,
`_comments` text,
`_assign` text,
`_liked_by` text,
index creation(creation))
			ENGINE=InnoDB
			ROW_FORMAT=DYNAMIC
			CHARACTER SET=utf8mb4
			COLLATE=utf8mb4_unicode_ci
2025-12-08 11:53:38,105 WARNING database DDL Query made to DB:
create table `tabLDAP Group Mapping` (
			name varchar(140) primary key,
			creation datetime(6),
			modified datetime(6),
			modified_by varchar(140),
			owner varchar(140),
			docstatus tinyint not null default '0',
			idx int not null default '0',
			`ldap_group` varchar(140),
`erpnext_role` varchar(140),
parent varchar(140),
parentfield varchar(140),
parenttype varchar(140),
index parent(parent))
			ENGINE=InnoDB
			ROW_FORMAT=DYNAMIC
			CHARACTER SET=utf8mb4
			COLLATE=utf8mb4_unicode_ci
2025-12-08 11:53:38,198 WARNING database DDL Query made to DB:
create table `tabNetwork Printer Settings` (
			name varchar(140) primary key,
			creation datetime(6),
			modified datetime(6),
			modified_by varchar(140),
			owner varchar(140),
			docstatus tinyint not null default '0',
			idx int not null default '0',
			`server_ip` varchar(140) DEFAULT 'localhost',
`port` int(11) NOT NULL DEFAULT 631,
`printer_name` varchar(140),
`_user_tags` text,
`_comments` text,
`_assign` text,
`_liked_by` text,
index creation(creation))
			ENGINE=InnoDB
			ROW_FORMAT=DYNAMIC
			CHARACTER SET=utf8mb4
			COLLATE=utf8mb4_unicode_ci
2025-12-08 11:53:38,322 WARNING database DDL Query made to DB:
create table `tabPrint Format Field Template` (
			name varchar(140) primary key,
			creation datetime(6),
			modified datetime(6),
			modified_by varchar(140),
			owner varchar(140),
			docstatus tinyint not null default '0',
			idx int not null default '0',
			`document_type` varchar(140),
`field` varchar(140),
`template_file` varchar(140),
`module` varchar(140),
`standard` tinyint(4) NOT NULL DEFAULT 0,
`template` longtext,
`_user_tags` text,
`_comments` text,
`_assign` text,
`_liked_by` text,
index creation(creation))
			ENGINE=InnoDB
			ROW_FORMAT=DYNAMIC
			CHARACTER SET=utf8mb4
			COLLATE=utf8mb4_unicode_ci
2025-12-08 11:53:38,359 WARNING database DDL Query made to DB:
create table `tabPrint Heading` (
			name varchar(140) primary key,
			creation datetime(6),
			modified datetime(6),
			modified_by varchar(140),
			owner varchar(140),
			docstatus tinyint not null default '0',
			idx int not null default '0',
			`print_heading` varchar(140) UNIQUE,
`description` text,
`_user_tags` text,
`_comments` text,
`_assign` text,
`_liked_by` text,
index creation(creation))
			ENGINE=InnoDB
			ROW_FORMAT=DYNAMIC
			CHARACTER SET=utf8mb4
			COLLATE=utf8mb4_unicode_ci
2025-12-08 11:53:38,421 WARNING database DDL Query made to DB:
create table `tabLetter Head` (
			name varchar(140) primary key,
			creation datetime(6),
			modified datetime(6),
			modified_by varchar(140),
			owner varchar(140),
			docstatus tinyint not null default '0',
			idx int not null default '0',
			`letter_head_name` varchar(140) UNIQUE,
`source` varchar(140),
`footer_source` varchar(140) DEFAULT 'HTML',
`disabled` tinyint(4) NOT NULL DEFAULT 0,
`is_default` tinyint(4) NOT NULL DEFAULT 0,
`image` text,
`image_height` decimal(21,9) NOT NULL DEFAULT 0.0,
`image_width` decimal(21,9) NOT NULL DEFAULT 0.0,
`align` varchar(140) DEFAULT 'Left',
`content` longtext,
`footer` longtext,
`footer_image` text,
`footer_image_height` decimal(21,9) NOT NULL DEFAULT 0.0,
`footer_image_width` decimal(21,9) NOT NULL DEFAULT 0.0,
`footer_align` varchar(140),
`header_script` longtext,
`footer_script` longtext,
`_user_tags` text,
`_comments` text,
`_assign` text,
`_liked_by` text,
index `is_default`(`is_default`),
index creation(creation))
			ENGINE=InnoDB
			ROW_FORMAT=DYNAMIC
			CHARACTER SET=utf8mb4
			COLLATE=utf8mb4_unicode_ci
2025-12-08 11:53:38,690 WARNING database DDL Query made to DB:
create table `tabContact` (
			name varchar(140) primary key,
			creation datetime(6),
			modified datetime(6),
			modified_by varchar(140),
			owner varchar(140),
			docstatus tinyint not null default '0',
			idx int not null default '0',
			`first_name` varchar(140),
`middle_name` varchar(140),
`last_name` varchar(140),
`full_name` varchar(140),
`email_id` varchar(140),
`user` varchar(140),
`address` varchar(140),
`sync_with_google_contacts` tinyint(4) NOT NULL DEFAULT 0,
`status` varchar(140) DEFAULT 'Passive',
`salutation` varchar(140),
`designation` varchar(140),
`gender` varchar(140),
`phone` varchar(140),
`mobile_no` varchar(140),
`company_name` varchar(140),
`image` text,
`google_contacts` varchar(140),
`google_contacts_id` varchar(140),
`pulled_from_google_contacts` tinyint(4) NOT NULL DEFAULT 0,
`is_primary_contact` tinyint(4) NOT NULL DEFAULT 0,
`department` varchar(140),
`unsubscribed` tinyint(4) NOT NULL DEFAULT 0,
`_user_tags` text,
`_comments` text,
`_assign` text,
`_liked_by` text,
index `email_id`(`email_id`),
index creation(creation))
			ENGINE=InnoDB
			ROW_FORMAT=DYNAMIC
			CHARACTER SET=utf8mb4
			COLLATE=utf8mb4_unicode_ci
2025-12-08 11:53:38,862 WARNING database DDL Query made to DB:
create table `tabGender` (
			name varchar(140) primary key,
			creation datetime(6),
			modified datetime(6),
			modified_by varchar(140),
			owner varchar(140),
			docstatus tinyint not null default '0',
			idx int not null default '0',
			`gender` varchar(140) UNIQUE,
`_user_tags` text,
`_comments` text,
`_assign` text,
`_liked_by` text,
index creation(creation))
			ENGINE=InnoDB
			ROW_FORMAT=DYNAMIC
			CHARACTER SET=utf8mb4
			COLLATE=utf8mb4_unicode_ci
2025-12-08 11:53:38,900 WARNING database DDL Query made to DB:
create table `tabSalutation` (
			name varchar(140) primary key,
			creation datetime(6),
			modified datetime(6),
			modified_by varchar(140),
			owner varchar(140),
			docstatus tinyint not null default '0',
			idx int not null default '0',
			`salutation` varchar(140) UNIQUE,
`_user_tags` text,
`_comments` text,
`_assign` text,
`_liked_by` text,
index creation(creation))
			ENGINE=InnoDB
			ROW_FORMAT=DYNAMIC
			CHARACTER SET=utf8mb4
			COLLATE=utf8mb4_unicode_ci
2025-12-08 11:53:38,962 WARNING database DDL Query made to DB:
create table `tabAddress Template` (
			name varchar(140) primary key,
			creation datetime(6),
			modified datetime(6),
			modified_by varchar(140),
			owner varchar(140),
			docstatus tinyint not null default '0',
			idx int not null default '0',
			`country` varchar(140) UNIQUE,
`is_default` tinyint(4) NOT NULL DEFAULT 0,
`template` longtext,
`_user_tags` text,
`_comments` text,
`_assign` text,
`_liked_by` text,
index creation(creation))
			ENGINE=InnoDB
			ROW_FORMAT=DYNAMIC
			CHARACTER SET=utf8mb4
			COLLATE=utf8mb4_unicode_ci
2025-12-08 11:53:39,008 WARNING database DDL Query made to DB:
create table `tabContact Phone` (
			name varchar(140) primary key,
			creation datetime(6),
			modified datetime(6),
			modified_by varchar(140),
			owner varchar(140),
			docstatus tinyint not null default '0',
			idx int not null default '0',
			`phone` varchar(140),
`is_primary_phone` tinyint(4) NOT NULL DEFAULT 0,
`is_primary_mobile_no` tinyint(4) NOT NULL DEFAULT 0,
parent varchar(140),
parentfield varchar(140),
parenttype varchar(140),
index parent(parent))
			ENGINE=InnoDB
			ROW_FORMAT=DYNAMIC
			CHARACTER SET=utf8mb4
			COLLATE=utf8mb4_unicode_ci
2025-12-08 11:53:39,093 WARNING database DDL Query made to DB:
create table `tabAddress` (
			name varchar(140) primary key,
			creation datetime(6),
			modified datetime(6),
			modified_by varchar(140),
			owner varchar(140),
			docstatus tinyint not null default '0',
			idx int not null default '0',
			`address_title` varchar(140),
`address_type` varchar(140),
`address_line1` varchar(240),
`address_line2` varchar(240),
`city` varchar(140),
`county` varchar(140),
`state` varchar(140),
`country` varchar(140),
`pincode` varchar(140),
`email_id` varchar(140),
`phone` varchar(140),
`fax` varchar(140),
`is_primary_address` tinyint(4) NOT NULL DEFAULT 0,
`is_shipping_address` tinyint(4) NOT NULL DEFAULT 0,
`disabled` tinyint(4) NOT NULL DEFAULT 0,
`_user_tags` text,
`_comments` text,
`_assign` text,
`_liked_by` text,
index `city`(`city`),
index `country`(`country`),
index `pincode`(`pincode`),
index creation(creation))
			ENGINE=InnoDB
			ROW_FORMAT=DYNAMIC
			CHARACTER SET=utf8mb4
			COLLATE=utf8mb4_unicode_ci
2025-12-08 11:53:39,157 WARNING database DDL Query made to DB:
create table `tabContact Email` (
			name varchar(140) primary key,
			creation datetime(6),
			modified datetime(6),
			modified_by varchar(140),
			owner varchar(140),
			docstatus tinyint not null default '0',
			idx int not null default '0',
			`email_id` varchar(140),
`is_primary` tinyint(4) NOT NULL DEFAULT 0,
parent varchar(140),
parentfield varchar(140),
parenttype varchar(140),
index parent(parent))
			ENGINE=InnoDB
			ROW_FORMAT=DYNAMIC
			CHARACTER SET=utf8mb4
			COLLATE=utf8mb4_unicode_ci
2025-12-08 11:53:39,279 WARNING database DDL Query made to DB:
create table `tabAssignment Rule` (
			name varchar(140) primary key,
			creation datetime(6),
			modified datetime(6),
			modified_by varchar(140),
			owner varchar(140),
			docstatus tinyint not null default '0',
			idx int not null default '0',
			`document_type` varchar(140),
`due_date_based_on` varchar(140),
`priority` int(11) NOT NULL DEFAULT 0,
`disabled` tinyint(4) NOT NULL DEFAULT 0,
`description` text DEFAULT 'Automatic Assignment',
`assign_condition` longtext,
`unassign_condition` longtext,
`close_condition` longtext,
`rule` varchar(140),
`field` varchar(140),
`last_user` varchar(140),
`_user_tags` text,
`_comments` text,
`_assign` text,
`_liked_by` text,
index creation(creation))
			ENGINE=InnoDB
			ROW_FORMAT=DYNAMIC
			CHARACTER SET=utf8mb4
			COLLATE=utf8mb4_unicode_ci
2025-12-08 11:53:39,395 WARNING database DDL Query made to DB:
create table `tabAssignment Rule User` (
			name varchar(140) primary key,
			creation datetime(6),
			modified datetime(6),
			modified_by varchar(140),
			owner varchar(140),
			docstatus tinyint not null default '0',
			idx int not null default '0',
			`user` varchar(140),
parent varchar(140),
parentfield varchar(140),
parenttype varchar(140),
index parent(parent))
			ENGINE=InnoDB
			ROW_FORMAT=DYNAMIC
			CHARACTER SET=utf8mb4
			COLLATE=utf8mb4_unicode_ci
2025-12-08 11:53:39,448 WARNING database DDL Query made to DB:
create table `tabReminder` (
			name varchar(140) primary key,
			creation datetime(6),
			modified datetime(6),
			modified_by varchar(140),
			owner varchar(140),
			docstatus tinyint not null default '0',
			idx int not null default '0',
			`user` varchar(140),
`remind_at` datetime(6),
`description` text,
`reminder_doctype` varchar(140),
`reminder_docname` varchar(140),
`notified` tinyint(4) NOT NULL DEFAULT 0,
`_user_tags` text,
`_comments` text,
`_assign` text,
`_liked_by` text,
index `user`(`user`),
index `remind_at`(`remind_at`),
index creation(creation))
			ENGINE=InnoDB
			ROW_FORMAT=DYNAMIC
			CHARACTER SET=utf8mb4
			COLLATE=utf8mb4_unicode_ci
2025-12-08 11:53:39,487 WARNING database DDL Query made to DB:
create table `tabMilestone` (
			name varchar(140) primary key,
			creation datetime(6),
			modified datetime(6),
			modified_by varchar(140),
			owner varchar(140),
			docstatus tinyint not null default '0',
			idx int not null default '0',
			`reference_type` varchar(140),
`reference_name` varchar(140),
`track_field` varchar(140),
`value` varchar(140),
`milestone_tracker` varchar(140),
`_user_tags` text,
`_comments` text,
`_assign` text,
`_liked_by` text,
index `reference_type`(`reference_type`),
index creation(creation))
			ENGINE=InnoDB
			ROW_FORMAT=DYNAMIC
			CHARACTER SET=utf8mb4
			COLLATE=utf8mb4_unicode_ci
2025-12-08 11:53:39,521 WARNING database DDL Query made to DB:
ALTER TABLE `tabMilestone`
				ADD INDEX IF NOT EXISTS `reference_type_reference_name_index`(reference_type, reference_name)
2025-12-08 11:53:39,557 WARNING database DDL Query made to DB:
create table `tabMilestone Tracker` (
			name varchar(140) primary key,
			creation datetime(6),
			modified datetime(6),
			modified_by varchar(140),
			owner varchar(140),
			docstatus tinyint not null default '0',
			idx int not null default '0',
			`document_type` varchar(140) UNIQUE,
`track_field` varchar(140),
`disabled` tinyint(4) NOT NULL DEFAULT 0,
`_user_tags` text,
`_comments` text,
`_assign` text,
`_liked_by` text,
index creation(creation))
			ENGINE=InnoDB
			ROW_FORMAT=DYNAMIC
			CHARACTER SET=utf8mb4
			COLLATE=utf8mb4_unicode_ci
2025-12-08 11:53:39,602 WARNING database DDL Query made to DB:
create table `tabAuto Repeat Day` (
			name varchar(140) primary key,
			creation datetime(6),
			modified datetime(6),
			modified_by varchar(140),
			owner varchar(140),
			docstatus tinyint not null default '0',
			idx int not null default '0',
			`day` varchar(140),
parent varchar(140),
parentfield varchar(140),
parenttype varchar(140),
index parent(parent))
			ENGINE=InnoDB
			ROW_FORMAT=DYNAMIC
			CHARACTER SET=utf8mb4
			COLLATE=utf8mb4_unicode_ci
2025-12-08 11:53:39,650 WARNING database DDL Query made to DB:
create table `tabAssignment Rule Day` (
			name varchar(140) primary key,
			creation datetime(6),
			modified datetime(6),
			modified_by varchar(140),
			owner varchar(140),
			docstatus tinyint not null default '0',
			idx int not null default '0',
			`day` varchar(140),
parent varchar(140),
parentfield varchar(140),
parenttype varchar(140),
index parent(parent))
			ENGINE=InnoDB
			ROW_FORMAT=DYNAMIC
			CHARACTER SET=utf8mb4
			COLLATE=utf8mb4_unicode_ci
2025-12-08 11:53:39,752 WARNING database DDL Query made to DB:
create table `tabAuto Repeat` (
			name varchar(140) primary key,
			creation datetime(6),
			modified datetime(6),
			modified_by varchar(140),
			owner varchar(140),
			docstatus tinyint not null default '0',
			idx int not null default '0',
			`reference_doctype` varchar(140),
`reference_document` varchar(140),
`submit_on_creation` tinyint(4) NOT NULL DEFAULT 0,
`start_date` date,
`end_date` date,
`disabled` tinyint(4) NOT NULL DEFAULT 0,
`frequency` varchar(140),
`repeat_on_day` int(11) NOT NULL DEFAULT 0,
`repeat_on_last_day` tinyint(4) NOT NULL DEFAULT 0,
`next_schedule_date` date,
`generate_separate_documents_for_each_assignee` tinyint(4) NOT NULL DEFAULT 0,
`notify_by_email` tinyint(4) NOT NULL DEFAULT 0,
`recipients` text,
`template` varchar(140),
`subject` varchar(140),
`message` text DEFAULT 'Please find attached {{ doc.doctype }} #{{ doc.name }}',
`print_format` varchar(140),
`status` varchar(140),
`_user_tags` text,
`_comments` text,
`_assign` text,
`_liked_by` text,
index `next_schedule_date`(`next_schedule_date`),
index creation(creation))
			ENGINE=InnoDB
			ROW_FORMAT=DYNAMIC
			CHARACTER SET=utf8mb4
			COLLATE=utf8mb4_unicode_ci
2025-12-08 11:53:39,796 WARNING database DDL Query made to DB:
create table `tabAuto Repeat User` (
			name varchar(140) primary key,
			creation datetime(6),
			modified datetime(6),
			modified_by varchar(140),
			owner varchar(140),
			docstatus tinyint not null default '0',
			idx int not null default '0',
			`user` varchar(140),
parent varchar(140),
parentfield varchar(140),
parenttype varchar(140),
index parent(parent))
			ENGINE=InnoDB
			ROW_FORMAT=DYNAMIC
			CHARACTER SET=utf8mb4
			COLLATE=utf8mb4_unicode_ci
2025-12-08 12:24:33,417 WARNING database DDL Query made to DB:
create table `tabtest` (
			name varchar(140) primary key,
			creation datetime(6),
			modified datetime(6),
			modified_by varchar(140),
			owner varchar(140),
			docstatus tinyint not null default '0',
			idx int not null default '0',
			`_user_tags` text,
`_comments` text,
`_assign` text,
`_liked_by` text,
index creation(creation))
			ENGINE=InnoDB
			ROW_FORMAT=DYNAMIC
			CHARACTER SET=utf8mb4
			COLLATE=utf8mb4_unicode_ci
2025-12-08 12:43:42,698 WARNING database DDL Query made to DB:
create table `tabResident` (
			name varchar(140) primary key,
			creation datetime(6),
			modified datetime(6),
			modified_by varchar(140),
			owner varchar(140),
			docstatus tinyint not null default '0',
			idx int not null default '0',
			`_user_tags` text,
`_comments` text,
`_assign` text,
`_liked_by` text,
index creation(creation))
			ENGINE=InnoDB
			ROW_FORMAT=DYNAMIC
			CHARACTER SET=utf8mb4
			COLLATE=utf8mb4_unicode_ci
2025-12-08 12:44:49,717 WARNING database DDL Query made to DB:
create table `tabIssue Report` (
			name varchar(140) primary key,
			creation datetime(6),
			modified datetime(6),
			modified_by varchar(140),
			owner varchar(140),
			docstatus tinyint not null default '0',
			idx int not null default '0',
			`_user_tags` text,
`_comments` text,
`_assign` text,
`_liked_by` text,
index creation(creation))
			ENGINE=InnoDB
			ROW_FORMAT=DYNAMIC
			CHARACTER SET=utf8mb4
			COLLATE=utf8mb4_unicode_ci
2025-12-08 13:40:28,980 WARNING database DDL Query made to DB:
ALTER TABLE `tabIssue Report` ADD COLUMN `category` varchar(140), ADD COLUMN `description` text, ADD COLUMN `severity` varchar(140), ADD COLUMN `photos` text, ADD COLUMN `status` varchar(140), ADD COLUMN `resolution_notes` text, ADD COLUMN `rating` int(11) NOT NULL DEFAULT 0, ADD COLUMN `created` datetime(6), ADD COLUMN `modified1` datetime(6)
2025-12-08 13:40:28,980 WARNING database DDL Query made to DB:
ALTER TABLE `tabIssue Report` ADD COLUMN `category` varchar(140), ADD COLUMN `description` text, ADD COLUMN `severity` varchar(140), ADD COLUMN `photos` text, ADD COLUMN `status` varchar(140), ADD COLUMN `resolution_notes` text, ADD COLUMN `rating` int(11) NOT NULL DEFAULT 0, ADD COLUMN `created` datetime(6), ADD COLUMN `modified1` datetime(6)
2025-12-08 13:40:55,497 WARNING database DDL Query made to DB:
ALTER TABLE `tabIssue Report` ADD COLUMN `resident` varchar(140)
2025-12-08 13:40:55,497 WARNING database DDL Query made to DB:
ALTER TABLE `tabIssue Report` ADD COLUMN `resident` varchar(140)
2025-12-08 13:41:31,638 WARNING database DDL Query made to DB:
create table `tabAnnouncement` (
			name varchar(140) primary key,
			creation datetime(6),
			modified datetime(6),
			modified_by varchar(140),
			owner varchar(140),
			docstatus tinyint not null default '0',
			idx int not null default '0',
			`_user_tags` text,
`_comments` text,
`_assign` text,
`_liked_by` text,
index creation(creation))
			ENGINE=InnoDB
			ROW_FORMAT=DYNAMIC
			CHARACTER SET=utf8mb4
			COLLATE=utf8mb4_unicode_ci
2025-12-08 13:41:31,638 WARNING database DDL Query made to DB:
create table `tabAnnouncement` (
			name varchar(140) primary key,
			creation datetime(6),
			modified datetime(6),
			modified_by varchar(140),
			owner varchar(140),
			docstatus tinyint not null default '0',
			idx int not null default '0',
			`_user_tags` text,
`_comments` text,
`_assign` text,
`_liked_by` text,
index creation(creation))
			ENGINE=InnoDB
			ROW_FORMAT=DYNAMIC
			CHARACTER SET=utf8mb4
			COLLATE=utf8mb4_unicode_ci
2025-12-08 13:46:21,050 WARNING database DDL Query made to DB:
ALTER TABLE `tabAnnouncement` ADD COLUMN `title` varchar(140), ADD COLUMN `description` text, ADD COLUMN `attachments` text, ADD COLUMN `valid_till` datetime(6), ADD COLUMN `priority` varchar(140)
2025-12-08 13:49:48,146 WARNING database DDL Query made to DB:
create table `tabCommunity Feed Post` (
			name varchar(140) primary key,
			creation datetime(6),
			modified datetime(6),
			modified_by varchar(140),
			owner varchar(140),
			docstatus tinyint not null default '0',
			idx int not null default '0',
			`_user_tags` text,
`_comments` text,
`_assign` text,
`_liked_by` text,
index creation(creation))
			ENGINE=InnoDB
			ROW_FORMAT=DYNAMIC
			CHARACTER SET=utf8mb4
			COLLATE=utf8mb4_unicode_ci
2025-12-08 13:53:09,185 WARNING database DDL Query made to DB:
ALTER TABLE `tabCommunity Feed Post` ADD COLUMN `posted_by` varchar(140), ADD COLUMN `message` text
2025-12-08 14:00:22,670 WARNING database DDL Query made to DB:
ALTER TABLE `tabCommunity Feed Post` ADD COLUMN `attachment` text, ADD COLUMN `flag_count` int(11) NOT NULL DEFAULT 0, ADD COLUMN `is_hidden` tinyint(4) NOT NULL DEFAULT 0
2025-12-08 14:00:52,607 WARNING database DDL Query made to DB:
create table `tabEmergency Contac` (
			name varchar(140) primary key,
			creation datetime(6),
			modified datetime(6),
			modified_by varchar(140),
			owner varchar(140),
			docstatus tinyint not null default '0',
			idx int not null default '0',
			`_user_tags` text,
`_comments` text,
`_assign` text,
`_liked_by` text,
index creation(creation))
			ENGINE=InnoDB
			ROW_FORMAT=DYNAMIC
			CHARACTER SET=utf8mb4
			COLLATE=utf8mb4_unicode_ci
2025-12-08 14:01:17,313 WARNING database DDL Query made to DB:
RENAME TABLE `tabEmergency Contac` TO `tabEmergency Contact`
2025-12-08 15:26:59,685 WARNING database DDL Query made to DB:
create sequence if not exists emergency_contact_id_seq nocache nocycle
2025-12-08 15:26:59,712 WARNING database DDL Query made to DB:
ALTER TABLE `tabEmergency Contact` MODIFY `name` bigint
2025-12-08 15:26:59,734 WARNING database DDL Query made to DB:
ALTER TABLE `tabEmergency Contact` ADD COLUMN `title` varchar(140), ADD COLUMN `phone_number` varchar(140)
2025-12-08 15:38:49,896 WARNING database DDL Query made to DB:
ALTER TABLE `tabEmergency Contact` MODIFY `name` varchar(140)
2025-12-08 15:38:49,923 WARNING database DDL Query made to DB:
ALTER TABLE `tabEmergency Contact` ADD UNIQUE INDEX IF NOT EXISTS title (`title`)
2025-12-08 15:44:37,547 WARNING database DDL Query made to DB:
ALTER TABLE `tabIssue Report` ADD COLUMN `created_at` date
2025-12-08 15:44:37,580 WARNING database DDL Query made to DB:
ALTER TABLE `tabIssue Report` MODIFY `rating` decimal(3,2)
2025-12-08 18:30:15,024 WARNING database DDL Query made to DB:
ALTER TABLE `tabIssue Report` ADD COLUMN `workflow_state` varchar(140)
2025-12-09 10:47:26,615 WARNING database DDL Query made to DB:
ALTER TABLE `tabIssue Report` ADD COLUMN `amended_from` varchar(140)
2025-12-09 10:47:26,637 WARNING database DDL Query made to DB:
ALTER TABLE `tabIssue Report` ADD INDEX `amended_from_index`(`amended_from`)
2025-12-11 10:29:55,668 WARNING database DDL Query made to DB:
ALTER TABLE `tabIssue Report` ADD COLUMN `guard` varchar(140)
2025-12-11 12:41:51,669 WARNING database DDL Query made to DB:
ALTER TABLE `tabIssue Report` ADD COLUMN `assigned_guard` varchar(140)
2025-12-11 14:01:31,535 WARNING database DDL Query made to DB:
ALTER TABLE `tabIssue Report` ADD COLUMN `review_comment` text
2025-12-15 15:36:13,109 WARNING database DDL Query made to DB:
ALTER TABLE `tabCommunity Feed Post` ADD COLUMN `amended_from` varchar(140)
2025-12-15 15:36:13,134 WARNING database DDL Query made to DB:
ALTER TABLE `tabCommunity Feed Post` ADD INDEX `amended_from_index`(`amended_from`)
2025-12-15 15:57:11,363 WARNING database DDL Query made to DB:
ALTER TABLE `tabCommunity Feed Post` ADD COLUMN `attachments` text
2025-12-21 15:21:20,593 WARNING database DDL Query made to DB:
ALTER TABLE `tabIssue Report` ADD COLUMN `resolved_at` datetime(6)
2025-12-21 15:22:25,559 WARNING database DDL Query made to DB:
ALTER TABLE `tabIssue Report` MODIFY `resolved_at` date
2025-12-21 15:24:19,147 WARNING database DDL Query made to DB:
ALTER TABLE `tabIssue Report` MODIFY `resolved_at` datetime(6)
2025-12-21 17:37:11,688 WARNING database DDL Query made to DB:
ALTER TABLE `tabIssue Report` MODIFY `resolved_at` datetime(6)
2025-12-21 18:04:38,595 WARNING database DDL Query made to DB:
ALTER TABLE `tabIssue Report` MODIFY `resolved_at` datetime(6)
2025-12-21 18:05:52,324 WARNING database DDL Query made to DB:
ALTER TABLE `tabIssue Report` MODIFY `resolved_at` datetime(6)
2025-12-21 18:06:39,620 WARNING database DDL Query made to DB:
ALTER TABLE `tabIssue Report` MODIFY `resolved_at` datetime(6)
2025-12-21 18:08:08,179 WARNING database DDL Query made to DB:
ALTER TABLE `tabIssue Report` MODIFY `resolved_at` datetime(6)
2025-12-21 18:10:10,930 WARNING database DDL Query made to DB:
ALTER TABLE `tabIssue Report` MODIFY `resolved_at` datetime(6)
2025-12-21 18:11:12,390 WARNING database DDL Query made to DB:
ALTER TABLE `tabIssue Report` MODIFY `resolved_at` datetime(6)
2025-12-21 18:11:48,975 WARNING database DDL Query made to DB:
ALTER TABLE `tabIssue Report` MODIFY `resolved_at` datetime(6)
2025-12-21 18:20:33,285 WARNING database DDL Query made to DB:
ALTER TABLE `tabIssue Report` MODIFY `resolved_at` datetime(6)
2025-12-21 19:07:07,274 WARNING database DDL Query made to DB:
ALTER TABLE `tabIssue Report` ADD COLUMN `resolved_time` time(6)
2025-12-21 19:32:01,632 WARNING database DDL Query made to DB:
ALTER TABLE `tabIssue Report` MODIFY `resolved_time` decimal(21,9)
